<?xml version="1.0" encoding="UTF-8"?>
<!-- Generated by org.testng.reporters.JUnitReportReporter -->
<testsuite hostname="DESKTOP-O4QR3T2" failures="0" tests="2" name="om.flipkart.stepdefinition.SamsungMobileValidation" time="2.840" errors="0" timestamp="2022-03-31T14:40:23 IST" skipped="0">
  <testcase classname="om.flipkart.stepdefinition.SamsungMobileValidation" name="login" time="1.423"/>
  <system-out/>
  <testcase classname="om.flipkart.stepdefinition.SamsungMobileValidation" name="search" time="1.417"/>
  <system-out/>
</testsuite> <!-- om.flipkart.stepdefinition.SamsungMobileValidation -->
