<?xml version="1.0" encoding="UTF-8"?>
<!-- Generated by org.testng.reporters.JUnitReportReporter -->
<testsuite hostname="DESKTOP-O4QR3T2" failures="0" tests="3" name="om.flipkart.stepdefinition.MobileValidation" time="0.772" errors="0" timestamp="2022-03-31T14:40:23 IST" skipped="1">
  <testcase classname="om.flipkart.stepdefinition.MobileValidation" name="login" time="0.291"/>
  <system-out/>
  <testcase classname="om.flipkart.stepdefinition.MobileValidation" name="search" time="0.481"/>
  <system-out/>
  <testcase classname="om.flipkart.stepdefinition.MobileValidation" name="validation">
    <skipped/>
  </testcase> <!-- validation -->
  <system-out/>
</testsuite> <!-- om.flipkart.stepdefinition.MobileValidation -->
